<?xml version="1.0" encoding="UTF-8"?>
<!-- Generated by org.testng.reporters.JUnitReportReporter -->
<testsuite hostname="Vipin-Machine" failures="0" tests="1" name="testCases.TC002_LoginTest" time="2.662" errors="0" timestamp="2025-05-27T15:05:47 IST" skipped="0">
  <testcase classname="testCases.TC002_LoginTest" name="verify_Login" time="2.662"/>
</testsuite> <!-- testCases.TC002_LoginTest -->
