<?xml version="1.0" encoding="UTF-8"?>
<!-- Generated by org.testng.reporters.JUnitReportReporter -->
<testsuite hostname="DESKTOP-VQ0I9HT" failures="0" tests="5" name="testCases.TC003_LoginDDT" time="29.008" errors="0" timestamp="2025-05-23T11:32:43 IST" skipped="0">
  <testcase classname="testCases.TC003_LoginDDT" name="verify_LoginDDT" time="10.944"/>
  <testcase classname="testCases.TC003_LoginDDT" name="verify_LoginDDT" time="2.487"/>
  <testcase classname="testCases.TC003_LoginDDT" name="verify_LoginDDT" time="2.203"/>
  <testcase classname="testCases.TC003_LoginDDT" name="verify_LoginDDT" time="2.012"/>
  <testcase classname="testCases.TC003_LoginDDT" name="verify_LoginDDT" time="11.362"/>
</testsuite> <!-- testCases.TC003_LoginDDT -->
