<?xml version="1.0" encoding="UTF-8"?>
<!-- Generated by org.testng.reporters.JUnitReportReporter -->
<testsuite hostname="Vipin-Machine" failures="0" tests="1" name="testCases.TC001_AccountRegistrationTest" time="3.336" errors="0" timestamp="2025-07-09T00:39:02 IST" skipped="0">
  <testcase classname="testCases.TC001_AccountRegistrationTest" name="AccountRegistrationTest" time="3.336"/>
</testsuite> <!-- testCases.TC001_AccountRegistrationTest -->
